{"/media/c0d3john/alistar1/Documents/dev/backend-challenge/src/config/db.config.js": {"path":"/media/c0d3john/alistar1/Documents/dev/backend-challenge/src/config/db.config.js","statementMap":{"0":{"start":{"line":1,"column":12},"end":{"line":1,"column":30}},"1":{"start":{"line":2,"column":0},"end":{"line":44,"column":2}}},"fnMap":{},"branchMap":{},"s":{"0":1,"1":1},"f":{},"b":{},"_coverageSchema":"1a1c01bbd47fc00a2c39e90264f33305004495a9","hash":"caa5183c299ccde7c1b17c823b342314ca10725e"}
,"/media/c0d3john/alistar1/Documents/dev/backend-challenge/src/config/index.js": {"path":"/media/c0d3john/alistar1/Documents/dev/backend-challenge/src/config/index.js","statementMap":{"0":{"start":{"line":1,"column":0},"end":{"line":1,"column":27}},"1":{"start":{"line":3,"column":0},"end":{"line":12,"column":2}}},"fnMap":{},"branchMap":{"0":{"loc":{"start":{"line":4,"column":8},"end":{"line":4,"column":32}},"type":"binary-expr","locations":[{"start":{"line":4,"column":8},"end":{"line":4,"column":24}},{"start":{"line":4,"column":28},"end":{"line":4,"column":32}}],"line":4},"1":{"loc":{"start":{"line":5,"column":12},"end":{"line":5,"column":49}},"type":"binary-expr","locations":[{"start":{"line":5,"column":12},"end":{"line":5,"column":32}},{"start":{"line":5,"column":36},"end":{"line":5,"column":49}}],"line":5}},"s":{"0":1,"1":1},"f":{},"b":{"0":[1,0],"1":[1,0]},"_coverageSchema":"1a1c01bbd47fc00a2c39e90264f33305004495a9","hash":"be1eeab89c1d966cc2c5d36af5a16062771db991"}
,"/media/c0d3john/alistar1/Documents/dev/backend-challenge/src/controller/character.js": {"path":"/media/c0d3john/alistar1/Documents/dev/backend-challenge/src/controller/character.js","statementMap":{"0":{"start":{"line":1,"column":19},"end":{"line":1,"column":45}},"1":{"start":{"line":2,"column":11},"end":{"line":2,"column":31}},"2":{"start":{"line":3,"column":18},"end":{"line":3,"column":30}},"3":{"start":{"line":5,"column":0},"end":{"line":23,"column":2}},"4":{"start":{"line":6,"column":2},"end":{"line":22,"column":3}},"5":{"start":{"line":8,"column":6},"end":{"line":8,"column":20}},"6":{"start":{"line":9,"column":19},"end":{"line":17,"column":6}},"7":{"start":{"line":18,"column":4},"end":{"line":18,"column":73}},"8":{"start":{"line":20,"column":4},"end":{"line":20,"column":23}},"9":{"start":{"line":21,"column":4},"end":{"line":21,"column":61}},"10":{"start":{"line":21,"column":49},"end":{"line":21,"column":58}},"11":{"start":{"line":26,"column":0},"end":{"line":39,"column":2}},"12":{"start":{"line":27,"column":2},"end":{"line":38,"column":7}},"13":{"start":{"line":31,"column":6},"end":{"line":31,"column":21}},"14":{"start":{"line":34,"column":6},"end":{"line":37,"column":9}},"15":{"start":{"line":42,"column":0},"end":{"line":50,"column":2}},"16":{"start":{"line":43,"column":2},"end":{"line":49,"column":3}},"17":{"start":{"line":44,"column":15},"end":{"line":44,"column":28}},"18":{"start":{"line":45,"column":19},"end":{"line":45,"column":47}},"19":{"start":{"line":46,"column":4},"end":{"line":46,"column":43}},"20":{"start":{"line":48,"column":4},"end":{"line":48,"column":16}},"21":{"start":{"line":52,"column":0},"end":{"line":81,"column":2}},"22":{"start":{"line":53,"column":2},"end":{"line":80,"column":3}},"23":{"start":{"line":54,"column":34},"end":{"line":54,"column":43}},"24":{"start":{"line":55,"column":4},"end":{"line":55,"column":24}},"25":{"start":{"line":56,"column":16},"end":{"line":56,"column":37}},"26":{"start":{"line":57,"column":4},"end":{"line":77,"column":5}},"27":{"start":{"line":59,"column":27},"end":{"line":59,"column":77}},"28":{"start":{"line":60,"column":8},"end":{"line":60,"column":51}},"29":{"start":{"line":61,"column":8},"end":{"line":61,"column":14}},"30":{"start":{"line":64,"column":26},"end":{"line":64,"column":74}},"31":{"start":{"line":65,"column":8},"end":{"line":65,"column":50}},"32":{"start":{"line":66,"column":8},"end":{"line":66,"column":14}},"33":{"start":{"line":69,"column":28},"end":{"line":71,"column":10}},"34":{"start":{"line":72,"column":8},"end":{"line":72,"column":52}},"35":{"start":{"line":73,"column":8},"end":{"line":73,"column":14}},"36":{"start":{"line":76,"column":8},"end":{"line":76,"column":14}},"37":{"start":{"line":79,"column":4},"end":{"line":79,"column":16}},"38":{"start":{"line":84,"column":0},"end":{"line":107,"column":2}},"39":{"start":{"line":85,"column":2},"end":{"line":106,"column":3}},"40":{"start":{"line":86,"column":15},"end":{"line":86,"column":28}},"41":{"start":{"line":87,"column":68},"end":{"line":87,"column":76}},"42":{"start":{"line":88,"column":19},"end":{"line":102,"column":5}},"43":{"start":{"line":103,"column":4},"end":{"line":103,"column":73}},"44":{"start":{"line":105,"column":4},"end":{"line":105,"column":16}},"45":{"start":{"line":110,"column":0},"end":{"line":122,"column":2}},"46":{"start":{"line":111,"column":2},"end":{"line":121,"column":3}},"47":{"start":{"line":112,"column":15},"end":{"line":112,"column":28}},"48":{"start":{"line":113,"column":19},"end":{"line":117,"column":6}},"49":{"start":{"line":118,"column":4},"end":{"line":118,"column":73}},"50":{"start":{"line":120,"column":4},"end":{"line":120,"column":16}},"51":{"start":{"line":124,"column":0},"end":{"line":126,"column":2}},"52":{"start":{"line":125,"column":2},"end":{"line":125,"column":15}}},"fnMap":{"0":{"name":"(anonymous_0)","decl":{"start":{"line":5,"column":17},"end":{"line":5,"column":18}},"loc":{"start":{"line":5,"column":37},"end":{"line":23,"column":1}},"line":5},"1":{"name":"(anonymous_1)","decl":{"start":{"line":21,"column":42},"end":{"line":21,"column":43}},"loc":{"start":{"line":21,"column":49},"end":{"line":21,"column":58}},"line":21},"2":{"name":"(anonymous_2)","decl":{"start":{"line":26,"column":18},"end":{"line":26,"column":19}},"loc":{"start":{"line":26,"column":32},"end":{"line":39,"column":1}},"line":26},"3":{"name":"(anonymous_3)","decl":{"start":{"line":30,"column":10},"end":{"line":30,"column":11}},"loc":{"start":{"line":30,"column":20},"end":{"line":32,"column":5}},"line":30},"4":{"name":"(anonymous_4)","decl":{"start":{"line":33,"column":11},"end":{"line":33,"column":12}},"loc":{"start":{"line":33,"column":20},"end":{"line":38,"column":5}},"line":33},"5":{"name":"(anonymous_5)","decl":{"start":{"line":42,"column":18},"end":{"line":42,"column":19}},"loc":{"start":{"line":42,"column":44},"end":{"line":50,"column":1}},"line":42},"6":{"name":"(anonymous_6)","decl":{"start":{"line":52,"column":23},"end":{"line":52,"column":24}},"loc":{"start":{"line":52,"column":49},"end":{"line":81,"column":1}},"line":52},"7":{"name":"(anonymous_7)","decl":{"start":{"line":84,"column":17},"end":{"line":84,"column":18}},"loc":{"start":{"line":84,"column":43},"end":{"line":107,"column":1}},"line":84},"8":{"name":"(anonymous_8)","decl":{"start":{"line":110,"column":17},"end":{"line":110,"column":18}},"loc":{"start":{"line":110,"column":43},"end":{"line":122,"column":1}},"line":110},"9":{"name":"(anonymous_9)","decl":{"start":{"line":124,"column":14},"end":{"line":124,"column":15}},"loc":{"start":{"line":124,"column":24},"end":{"line":126,"column":1}},"line":124}},"branchMap":{"0":{"loc":{"start":{"line":36,"column":10},"end":{"line":36,"column":75}},"type":"binary-expr","locations":[{"start":{"line":36,"column":10},"end":{"line":36,"column":21}},{"start":{"line":36,"column":25},"end":{"line":36,"column":75}}],"line":36},"1":{"loc":{"start":{"line":56,"column":16},"end":{"line":56,"column":37}},"type":"binary-expr","locations":[{"start":{"line":56,"column":16},"end":{"line":56,"column":20}},{"start":{"line":56,"column":24},"end":{"line":56,"column":27}},{"start":{"line":56,"column":31},"end":{"line":56,"column":37}}],"line":56},"2":{"loc":{"start":{"line":57,"column":4},"end":{"line":77,"column":5}},"type":"switch","locations":[{"start":{"line":58,"column":6},"end":{"line":62,"column":7}},{"start":{"line":63,"column":6},"end":{"line":67,"column":7}},{"start":{"line":68,"column":6},"end":{"line":74,"column":7}},{"start":{"line":75,"column":6},"end":{"line":76,"column":14}}],"line":57}},"s":{"0":1,"1":1,"2":1,"3":1,"4":0,"5":0,"6":0,"7":0,"8":0,"9":0,"10":0,"11":1,"12":0,"13":0,"14":0,"15":1,"16":0,"17":0,"18":0,"19":0,"20":0,"21":1,"22":0,"23":0,"24":0,"25":0,"26":0,"27":0,"28":0,"29":0,"30":0,"31":0,"32":0,"33":0,"34":0,"35":0,"36":0,"37":0,"38":1,"39":0,"40":0,"41":0,"42":0,"43":0,"44":0,"45":1,"46":0,"47":0,"48":0,"49":0,"50":0,"51":1,"52":1},"f":{"0":0,"1":0,"2":0,"3":0,"4":0,"5":0,"6":0,"7":0,"8":0,"9":1},"b":{"0":[0,0],"1":[0,0,0],"2":[0,0,0,0]},"_coverageSchema":"1a1c01bbd47fc00a2c39e90264f33305004495a9","hash":"2bd114ae8b62986c2c9b2971efa15957bba03733"}
,"/media/c0d3john/alistar1/Documents/dev/backend-challenge/src/models/character.js": {"path":"/media/c0d3john/alistar1/Documents/dev/backend-challenge/src/models/character.js","statementMap":{"0":{"start":{"line":1,"column":0},"end":{"line":28,"column":2}},"1":{"start":{"line":2,"column":2},"end":{"line":27,"column":4}}},"fnMap":{"0":{"name":"(anonymous_0)","decl":{"start":{"line":1,"column":17},"end":{"line":1,"column":18}},"loc":{"start":{"line":1,"column":43},"end":{"line":28,"column":1}},"line":1}},"branchMap":{},"s":{"0":1,"1":1},"f":{"0":1},"b":{},"_coverageSchema":"1a1c01bbd47fc00a2c39e90264f33305004495a9","hash":"62b2a3128a9654cf1ebb87eddc83359ec3722fa8"}
,"/media/c0d3john/alistar1/Documents/dev/backend-challenge/src/models/index.js": {"path":"/media/c0d3john/alistar1/Documents/dev/backend-challenge/src/models/index.js","statementMap":{"0":{"start":{"line":1,"column":21},"end":{"line":1,"column":47}},"1":{"start":{"line":2,"column":17},"end":{"line":2,"column":50}},"2":{"start":{"line":3,"column":18},"end":{"line":3,"column":38}},"3":{"start":{"line":5,"column":18},"end":{"line":21,"column":1}},"4":{"start":{"line":23,"column":11},"end":{"line":23,"column":13}},"5":{"start":{"line":25,"column":0},"end":{"line":25,"column":25}},"6":{"start":{"line":26,"column":0},"end":{"line":26,"column":25}},"7":{"start":{"line":28,"column":0},"end":{"line":28,"column":63}},"8":{"start":{"line":29,"column":0},"end":{"line":29,"column":55}},"9":{"start":{"line":30,"column":0},"end":{"line":30,"column":53}},"10":{"start":{"line":31,"column":0},"end":{"line":31,"column":65}},"11":{"start":{"line":33,"column":0},"end":{"line":36,"column":3}},"12":{"start":{"line":37,"column":0},"end":{"line":40,"column":3}},"13":{"start":{"line":42,"column":0},"end":{"line":42,"column":20}}},"fnMap":{},"branchMap":{},"s":{"0":1,"1":1,"2":1,"3":1,"4":1,"5":1,"6":1,"7":1,"8":1,"9":1,"10":1,"11":1,"12":1,"13":1},"f":{},"b":{},"_coverageSchema":"1a1c01bbd47fc00a2c39e90264f33305004495a9","hash":"12a81ab4b6886becd290fcebf461011dc6e4253d"}
,"/media/c0d3john/alistar1/Documents/dev/backend-challenge/src/models/movie.js": {"path":"/media/c0d3john/alistar1/Documents/dev/backend-challenge/src/models/movie.js","statementMap":{"0":{"start":{"line":1,"column":0},"end":{"line":28,"column":2}},"1":{"start":{"line":2,"column":2},"end":{"line":27,"column":4}}},"fnMap":{"0":{"name":"(anonymous_0)","decl":{"start":{"line":1,"column":17},"end":{"line":1,"column":18}},"loc":{"start":{"line":1,"column":43},"end":{"line":28,"column":1}},"line":1}},"branchMap":{},"s":{"0":1,"1":1},"f":{"0":1},"b":{},"_coverageSchema":"1a1c01bbd47fc00a2c39e90264f33305004495a9","hash":"72ee16d001049f8e9fbd369e3e60790f20991cbe"}
,"/media/c0d3john/alistar1/Documents/dev/backend-challenge/src/models/movieGenre.js": {"path":"/media/c0d3john/alistar1/Documents/dev/backend-challenge/src/models/movieGenre.js","statementMap":{"0":{"start":{"line":1,"column":0},"end":{"line":24,"column":2}},"1":{"start":{"line":2,"column":2},"end":{"line":23,"column":4}}},"fnMap":{"0":{"name":"(anonymous_0)","decl":{"start":{"line":1,"column":17},"end":{"line":1,"column":18}},"loc":{"start":{"line":1,"column":43},"end":{"line":24,"column":1}},"line":1}},"branchMap":{},"s":{"0":1,"1":1},"f":{"0":1},"b":{},"_coverageSchema":"1a1c01bbd47fc00a2c39e90264f33305004495a9","hash":"93b32e610e86f0129426cf2dd3cb49a8b07a42e5"}
,"/media/c0d3john/alistar1/Documents/dev/backend-challenge/src/models/user.js": {"path":"/media/c0d3john/alistar1/Documents/dev/backend-challenge/src/models/user.js","statementMap":{"0":{"start":{"line":1,"column":0},"end":{"line":29,"column":2}},"1":{"start":{"line":2,"column":2},"end":{"line":28,"column":4}}},"fnMap":{"0":{"name":"(anonymous_0)","decl":{"start":{"line":1,"column":17},"end":{"line":1,"column":18}},"loc":{"start":{"line":1,"column":43},"end":{"line":29,"column":1}},"line":1}},"branchMap":{},"s":{"0":1,"1":1},"f":{"0":1},"b":{},"_coverageSchema":"1a1c01bbd47fc00a2c39e90264f33305004495a9","hash":"2ef3995489b4997f326037e08a4fab043b1a81c1"}
,"/media/c0d3john/alistar1/Documents/dev/backend-challenge/src/utils/logger.js": {"path":"/media/c0d3john/alistar1/Documents/dev/backend-challenge/src/utils/logger.js","statementMap":{"0":{"start":{"line":1,"column":16},"end":{"line":1,"column":34}},"1":{"start":{"line":3,"column":0},"end":{"line":7,"column":3}}},"fnMap":{},"branchMap":{},"s":{"0":1,"1":1},"f":{},"b":{},"_coverageSchema":"1a1c01bbd47fc00a2c39e90264f33305004495a9","hash":"8ab7511b22800abffb3cd5f17a54f802fb1e9b94"}
}
