{"/media/c0d3john/alistar1/Documents/dev/backend-challenge/app.js": {"path":"/media/c0d3john/alistar1/Documents/dev/backend-challenge/app.js","statementMap":{"0":{"start":{"line":1,"column":16},"end":{"line":1,"column":34}},"1":{"start":{"line":2,"column":21},"end":{"line":2,"column":45}},"2":{"start":{"line":3,"column":16},"end":{"line":3,"column":42}},"3":{"start":{"line":4,"column":24},"end":{"line":4,"column":64}},"4":{"start":{"line":5,"column":20},"end":{"line":5,"column":56}},"5":{"start":{"line":6,"column":20},"end":{"line":6,"column":61}},"6":{"start":{"line":7,"column":19},"end":{"line":7,"column":54}},"7":{"start":{"line":8,"column":19},"end":{"line":8,"column":54}},"8":{"start":{"line":13,"column":4},"end":{"line":13,"column":46}},"9":{"start":{"line":14,"column":12},"end":{"line":14,"column":21}},"10":{"start":{"line":15,"column":13},"end":{"line":15,"column":28}},"11":{"start":{"line":16,"column":15},"end":{"line":16,"column":32}},"12":{"start":{"line":17,"column":15},"end":{"line":17,"column":22}},"13":{"start":{"line":18,"column":27},"end":{"line":18,"column":56}},"14":{"start":{"line":19,"column":19},"end":{"line":19,"column":48}},"15":{"start":{"line":20,"column":17},"end":{"line":20,"column":58}},"16":{"start":{"line":21,"column":20},"end":{"line":23,"column":1}},"17":{"start":{"line":26,"column":0},"end":{"line":26,"column":23}},"18":{"start":{"line":27,"column":0},"end":{"line":27,"column":24}},"19":{"start":{"line":28,"column":0},"end":{"line":28,"column":48}},"20":{"start":{"line":29,"column":0},"end":{"line":29,"column":27}},"21":{"start":{"line":30,"column":0},"end":{"line":30,"column":24}},"22":{"start":{"line":31,"column":0},"end":{"line":37,"column":2}},"23":{"start":{"line":39,"column":11},"end":{"line":39,"column":34}},"24":{"start":{"line":41,"column":0},"end":{"line":47,"column":1}},"25":{"start":{"line":42,"column":2},"end":{"line":44,"column":5}},"26":{"start":{"line":43,"column":4},"end":{"line":43,"column":35}},"27":{"start":{"line":46,"column":2},"end":{"line":46,"column":22}},"28":{"start":{"line":49,"column":0},"end":{"line":51,"column":3}},"29":{"start":{"line":50,"column":2},"end":{"line":50,"column":41}},"30":{"start":{"line":52,"column":0},"end":{"line":52,"column":34}},"31":{"start":{"line":53,"column":0},"end":{"line":53,"column":39}},"32":{"start":{"line":54,"column":0},"end":{"line":54,"column":35}},"33":{"start":{"line":55,"column":0},"end":{"line":55,"column":35}},"34":{"start":{"line":56,"column":0},"end":{"line":56,"column":34}},"35":{"start":{"line":58,"column":0},"end":{"line":58,"column":19}},"36":{"start":{"line":59,"column":0},"end":{"line":59,"column":25}},"37":{"start":{"line":60,"column":0},"end":{"line":60,"column":26}},"38":{"start":{"line":62,"column":15},"end":{"line":64,"column":2}},"39":{"start":{"line":63,"column":2},"end":{"line":63,"column":61}},"40":{"start":{"line":66,"column":0},"end":{"line":66,"column":33}}},"fnMap":{"0":{"name":"(anonymous_0)","decl":{"start":{"line":42,"column":43},"end":{"line":42,"column":44}},"loc":{"start":{"line":42,"column":49},"end":{"line":44,"column":3}},"line":42},"1":{"name":"(anonymous_1)","decl":{"start":{"line":49,"column":27},"end":{"line":49,"column":28}},"loc":{"start":{"line":49,"column":41},"end":{"line":51,"column":1}},"line":49},"2":{"name":"(anonymous_2)","decl":{"start":{"line":62,"column":32},"end":{"line":62,"column":33}},"loc":{"start":{"line":62,"column":44},"end":{"line":64,"column":1}},"line":62}},"branchMap":{"0":{"loc":{"start":{"line":41,"column":0},"end":{"line":47,"column":1}},"type":"if","locations":[{"start":{"line":41,"column":0},"end":{"line":47,"column":1}},{"start":{"line":45,"column":7},"end":{"line":47,"column":1}}],"line":41}},"s":{"0":1,"1":1,"2":1,"3":1,"4":1,"5":1,"6":1,"7":1,"8":1,"9":1,"10":1,"11":1,"12":1,"13":1,"14":1,"15":1,"16":1,"17":1,"18":1,"19":1,"20":1,"21":1,"22":1,"23":1,"24":1,"25":0,"26":0,"27":1,"28":1,"29":1,"30":1,"31":1,"32":1,"33":1,"34":1,"35":1,"36":1,"37":1,"38":1,"39":1,"40":1},"f":{"0":0,"1":1,"2":1},"b":{"0":[0,1]},"_coverageSchema":"1a1c01bbd47fc00a2c39e90264f33305004495a9","hash":"ef7a116dc44b4fc211c86e3b6822cc78b3442cea"}
,"/media/c0d3john/alistar1/Documents/dev/backend-challenge/src/config/db.config.js": {"path":"/media/c0d3john/alistar1/Documents/dev/backend-challenge/src/config/db.config.js","statementMap":{"0":{"start":{"line":1,"column":12},"end":{"line":1,"column":30}},"1":{"start":{"line":2,"column":0},"end":{"line":44,"column":2}}},"fnMap":{},"branchMap":{},"s":{"0":1,"1":1},"f":{},"b":{},"_coverageSchema":"1a1c01bbd47fc00a2c39e90264f33305004495a9","hash":"caa5183c299ccde7c1b17c823b342314ca10725e"}
,"/media/c0d3john/alistar1/Documents/dev/backend-challenge/src/config/index.js": {"path":"/media/c0d3john/alistar1/Documents/dev/backend-challenge/src/config/index.js","statementMap":{"0":{"start":{"line":1,"column":0},"end":{"line":1,"column":27}},"1":{"start":{"line":3,"column":0},"end":{"line":12,"column":2}}},"fnMap":{},"branchMap":{"0":{"loc":{"start":{"line":4,"column":8},"end":{"line":4,"column":32}},"type":"binary-expr","locations":[{"start":{"line":4,"column":8},"end":{"line":4,"column":24}},{"start":{"line":4,"column":28},"end":{"line":4,"column":32}}],"line":4},"1":{"loc":{"start":{"line":5,"column":12},"end":{"line":5,"column":49}},"type":"binary-expr","locations":[{"start":{"line":5,"column":12},"end":{"line":5,"column":32}},{"start":{"line":5,"column":36},"end":{"line":5,"column":49}}],"line":5}},"s":{"0":1,"1":1},"f":{},"b":{"0":[1,0],"1":[1,0]},"_coverageSchema":"1a1c01bbd47fc00a2c39e90264f33305004495a9","hash":"be1eeab89c1d966cc2c5d36af5a16062771db991"}
,"/media/c0d3john/alistar1/Documents/dev/backend-challenge/src/controller/character.js": {"path":"/media/c0d3john/alistar1/Documents/dev/backend-challenge/src/controller/character.js","statementMap":{"0":{"start":{"line":1,"column":19},"end":{"line":1,"column":45}},"1":{"start":{"line":2,"column":11},"end":{"line":2,"column":31}},"2":{"start":{"line":3,"column":18},"end":{"line":3,"column":30}},"3":{"start":{"line":5,"column":0},"end":{"line":23,"column":2}},"4":{"start":{"line":6,"column":2},"end":{"line":22,"column":3}},"5":{"start":{"line":8,"column":6},"end":{"line":8,"column":20}},"6":{"start":{"line":9,"column":19},"end":{"line":17,"column":6}},"7":{"start":{"line":18,"column":4},"end":{"line":18,"column":73}},"8":{"start":{"line":20,"column":4},"end":{"line":20,"column":23}},"9":{"start":{"line":21,"column":4},"end":{"line":21,"column":61}},"10":{"start":{"line":21,"column":49},"end":{"line":21,"column":58}},"11":{"start":{"line":26,"column":0},"end":{"line":39,"column":2}},"12":{"start":{"line":27,"column":2},"end":{"line":38,"column":7}},"13":{"start":{"line":31,"column":6},"end":{"line":31,"column":21}},"14":{"start":{"line":34,"column":6},"end":{"line":37,"column":9}},"15":{"start":{"line":42,"column":0},"end":{"line":50,"column":2}},"16":{"start":{"line":43,"column":2},"end":{"line":49,"column":3}},"17":{"start":{"line":44,"column":15},"end":{"line":44,"column":28}},"18":{"start":{"line":45,"column":19},"end":{"line":45,"column":47}},"19":{"start":{"line":46,"column":4},"end":{"line":46,"column":43}},"20":{"start":{"line":48,"column":4},"end":{"line":48,"column":16}},"21":{"start":{"line":52,"column":0},"end":{"line":81,"column":2}},"22":{"start":{"line":53,"column":2},"end":{"line":80,"column":3}},"23":{"start":{"line":54,"column":34},"end":{"line":54,"column":43}},"24":{"start":{"line":55,"column":4},"end":{"line":55,"column":24}},"25":{"start":{"line":56,"column":16},"end":{"line":56,"column":37}},"26":{"start":{"line":57,"column":4},"end":{"line":77,"column":5}},"27":{"start":{"line":59,"column":27},"end":{"line":59,"column":77}},"28":{"start":{"line":60,"column":8},"end":{"line":60,"column":51}},"29":{"start":{"line":61,"column":8},"end":{"line":61,"column":14}},"30":{"start":{"line":64,"column":26},"end":{"line":64,"column":74}},"31":{"start":{"line":65,"column":8},"end":{"line":65,"column":50}},"32":{"start":{"line":66,"column":8},"end":{"line":66,"column":14}},"33":{"start":{"line":69,"column":28},"end":{"line":71,"column":10}},"34":{"start":{"line":72,"column":8},"end":{"line":72,"column":52}},"35":{"start":{"line":73,"column":8},"end":{"line":73,"column":14}},"36":{"start":{"line":76,"column":8},"end":{"line":76,"column":14}},"37":{"start":{"line":79,"column":4},"end":{"line":79,"column":16}},"38":{"start":{"line":84,"column":0},"end":{"line":107,"column":2}},"39":{"start":{"line":85,"column":2},"end":{"line":106,"column":3}},"40":{"start":{"line":86,"column":15},"end":{"line":86,"column":28}},"41":{"start":{"line":87,"column":68},"end":{"line":87,"column":76}},"42":{"start":{"line":88,"column":19},"end":{"line":102,"column":5}},"43":{"start":{"line":103,"column":4},"end":{"line":103,"column":73}},"44":{"start":{"line":105,"column":4},"end":{"line":105,"column":16}},"45":{"start":{"line":110,"column":0},"end":{"line":122,"column":2}},"46":{"start":{"line":111,"column":2},"end":{"line":121,"column":3}},"47":{"start":{"line":112,"column":15},"end":{"line":112,"column":28}},"48":{"start":{"line":113,"column":19},"end":{"line":117,"column":6}},"49":{"start":{"line":118,"column":4},"end":{"line":118,"column":73}},"50":{"start":{"line":120,"column":4},"end":{"line":120,"column":16}}},"fnMap":{"0":{"name":"(anonymous_0)","decl":{"start":{"line":5,"column":17},"end":{"line":5,"column":18}},"loc":{"start":{"line":5,"column":37},"end":{"line":23,"column":1}},"line":5},"1":{"name":"(anonymous_1)","decl":{"start":{"line":21,"column":42},"end":{"line":21,"column":43}},"loc":{"start":{"line":21,"column":49},"end":{"line":21,"column":58}},"line":21},"2":{"name":"(anonymous_2)","decl":{"start":{"line":26,"column":18},"end":{"line":26,"column":19}},"loc":{"start":{"line":26,"column":32},"end":{"line":39,"column":1}},"line":26},"3":{"name":"(anonymous_3)","decl":{"start":{"line":30,"column":10},"end":{"line":30,"column":11}},"loc":{"start":{"line":30,"column":20},"end":{"line":32,"column":5}},"line":30},"4":{"name":"(anonymous_4)","decl":{"start":{"line":33,"column":11},"end":{"line":33,"column":12}},"loc":{"start":{"line":33,"column":20},"end":{"line":38,"column":5}},"line":33},"5":{"name":"(anonymous_5)","decl":{"start":{"line":42,"column":18},"end":{"line":42,"column":19}},"loc":{"start":{"line":42,"column":44},"end":{"line":50,"column":1}},"line":42},"6":{"name":"(anonymous_6)","decl":{"start":{"line":52,"column":23},"end":{"line":52,"column":24}},"loc":{"start":{"line":52,"column":49},"end":{"line":81,"column":1}},"line":52},"7":{"name":"(anonymous_7)","decl":{"start":{"line":84,"column":17},"end":{"line":84,"column":18}},"loc":{"start":{"line":84,"column":43},"end":{"line":107,"column":1}},"line":84},"8":{"name":"(anonymous_8)","decl":{"start":{"line":110,"column":17},"end":{"line":110,"column":18}},"loc":{"start":{"line":110,"column":43},"end":{"line":122,"column":1}},"line":110}},"branchMap":{"0":{"loc":{"start":{"line":36,"column":10},"end":{"line":36,"column":75}},"type":"binary-expr","locations":[{"start":{"line":36,"column":10},"end":{"line":36,"column":21}},{"start":{"line":36,"column":25},"end":{"line":36,"column":75}}],"line":36},"1":{"loc":{"start":{"line":56,"column":16},"end":{"line":56,"column":37}},"type":"binary-expr","locations":[{"start":{"line":56,"column":16},"end":{"line":56,"column":20}},{"start":{"line":56,"column":24},"end":{"line":56,"column":27}},{"start":{"line":56,"column":31},"end":{"line":56,"column":37}}],"line":56},"2":{"loc":{"start":{"line":57,"column":4},"end":{"line":77,"column":5}},"type":"switch","locations":[{"start":{"line":58,"column":6},"end":{"line":62,"column":7}},{"start":{"line":63,"column":6},"end":{"line":67,"column":7}},{"start":{"line":68,"column":6},"end":{"line":74,"column":7}},{"start":{"line":75,"column":6},"end":{"line":76,"column":14}}],"line":57}},"s":{"0":1,"1":1,"2":1,"3":1,"4":0,"5":0,"6":0,"7":0,"8":0,"9":0,"10":0,"11":1,"12":0,"13":0,"14":0,"15":1,"16":0,"17":0,"18":0,"19":0,"20":0,"21":1,"22":0,"23":0,"24":0,"25":0,"26":0,"27":0,"28":0,"29":0,"30":0,"31":0,"32":0,"33":0,"34":0,"35":0,"36":0,"37":0,"38":1,"39":0,"40":0,"41":0,"42":0,"43":0,"44":0,"45":1,"46":0,"47":0,"48":0,"49":0,"50":0},"f":{"0":0,"1":0,"2":0,"3":0,"4":0,"5":0,"6":0,"7":0,"8":0},"b":{"0":[0,0],"1":[0,0,0],"2":[0,0,0,0]},"_coverageSchema":"1a1c01bbd47fc00a2c39e90264f33305004495a9","hash":"a2fffd8a99ac4a899c16e814d5b3ba0c365b7bec"}
,"/media/c0d3john/alistar1/Documents/dev/backend-challenge/src/controller/movie.js": {"path":"/media/c0d3john/alistar1/Documents/dev/backend-challenge/src/controller/movie.js","statementMap":{"0":{"start":{"line":1,"column":19},"end":{"line":1,"column":45}},"1":{"start":{"line":2,"column":11},"end":{"line":2,"column":31}},"2":{"start":{"line":3,"column":14},"end":{"line":3,"column":22}},"3":{"start":{"line":5,"column":0},"end":{"line":22,"column":2}},"4":{"start":{"line":6,"column":2},"end":{"line":21,"column":3}},"5":{"start":{"line":8,"column":6},"end":{"line":8,"column":20}},"6":{"start":{"line":9,"column":19},"end":{"line":16,"column":6}},"7":{"start":{"line":17,"column":4},"end":{"line":17,"column":70}},"8":{"start":{"line":19,"column":4},"end":{"line":19,"column":23}},"9":{"start":{"line":20,"column":4},"end":{"line":20,"column":16}},"10":{"start":{"line":25,"column":0},"end":{"line":37,"column":2}},"11":{"start":{"line":26,"column":2},"end":{"line":36,"column":7}},"12":{"start":{"line":30,"column":6},"end":{"line":30,"column":21}},"13":{"start":{"line":33,"column":6},"end":{"line":35,"column":9}},"14":{"start":{"line":40,"column":0},"end":{"line":48,"column":2}},"15":{"start":{"line":41,"column":2},"end":{"line":47,"column":3}},"16":{"start":{"line":42,"column":15},"end":{"line":42,"column":28}},"17":{"start":{"line":43,"column":19},"end":{"line":43,"column":43}},"18":{"start":{"line":44,"column":4},"end":{"line":44,"column":44}},"19":{"start":{"line":46,"column":4},"end":{"line":46,"column":16}},"20":{"start":{"line":50,"column":0},"end":{"line":81,"column":2}},"21":{"start":{"line":51,"column":2},"end":{"line":80,"column":3}},"22":{"start":{"line":52,"column":37},"end":{"line":52,"column":46}},"23":{"start":{"line":53,"column":16},"end":{"line":53,"column":40}},"24":{"start":{"line":54,"column":4},"end":{"line":54,"column":21}},"25":{"start":{"line":55,"column":4},"end":{"line":77,"column":5}},"26":{"start":{"line":57,"column":27},"end":{"line":57,"column":74}},"27":{"start":{"line":58,"column":8},"end":{"line":58,"column":52}},"28":{"start":{"line":59,"column":8},"end":{"line":59,"column":14}},"29":{"start":{"line":62,"column":28},"end":{"line":64,"column":10}},"30":{"start":{"line":65,"column":8},"end":{"line":65,"column":53}},"31":{"start":{"line":66,"column":8},"end":{"line":66,"column":14}},"32":{"start":{"line":69,"column":28},"end":{"line":71,"column":10}},"33":{"start":{"line":72,"column":8},"end":{"line":72,"column":52}},"34":{"start":{"line":73,"column":8},"end":{"line":73,"column":14}},"35":{"start":{"line":76,"column":8},"end":{"line":76,"column":14}},"36":{"start":{"line":79,"column":4},"end":{"line":79,"column":16}},"37":{"start":{"line":84,"column":0},"end":{"line":106,"column":2}},"38":{"start":{"line":85,"column":2},"end":{"line":105,"column":3}},"39":{"start":{"line":86,"column":15},"end":{"line":86,"column":28}},"40":{"start":{"line":87,"column":71},"end":{"line":87,"column":79}},"41":{"start":{"line":88,"column":19},"end":{"line":101,"column":5}},"42":{"start":{"line":102,"column":4},"end":{"line":102,"column":70}},"43":{"start":{"line":104,"column":4},"end":{"line":104,"column":16}},"44":{"start":{"line":109,"column":0},"end":{"line":121,"column":2}},"45":{"start":{"line":110,"column":2},"end":{"line":120,"column":3}},"46":{"start":{"line":111,"column":15},"end":{"line":111,"column":28}},"47":{"start":{"line":112,"column":19},"end":{"line":116,"column":6}},"48":{"start":{"line":117,"column":4},"end":{"line":117,"column":70}},"49":{"start":{"line":119,"column":4},"end":{"line":119,"column":16}}},"fnMap":{"0":{"name":"(anonymous_0)","decl":{"start":{"line":5,"column":17},"end":{"line":5,"column":18}},"loc":{"start":{"line":5,"column":43},"end":{"line":22,"column":1}},"line":5},"1":{"name":"(anonymous_1)","decl":{"start":{"line":25,"column":18},"end":{"line":25,"column":19}},"loc":{"start":{"line":25,"column":32},"end":{"line":37,"column":1}},"line":25},"2":{"name":"(anonymous_2)","decl":{"start":{"line":29,"column":10},"end":{"line":29,"column":11}},"loc":{"start":{"line":29,"column":20},"end":{"line":31,"column":5}},"line":29},"3":{"name":"(anonymous_3)","decl":{"start":{"line":32,"column":11},"end":{"line":32,"column":12}},"loc":{"start":{"line":32,"column":20},"end":{"line":36,"column":5}},"line":32},"4":{"name":"(anonymous_4)","decl":{"start":{"line":40,"column":18},"end":{"line":40,"column":19}},"loc":{"start":{"line":40,"column":44},"end":{"line":48,"column":1}},"line":40},"5":{"name":"(anonymous_5)","decl":{"start":{"line":50,"column":23},"end":{"line":50,"column":24}},"loc":{"start":{"line":50,"column":49},"end":{"line":81,"column":1}},"line":50},"6":{"name":"(anonymous_6)","decl":{"start":{"line":84,"column":17},"end":{"line":84,"column":18}},"loc":{"start":{"line":84,"column":43},"end":{"line":106,"column":1}},"line":84},"7":{"name":"(anonymous_7)","decl":{"start":{"line":109,"column":17},"end":{"line":109,"column":18}},"loc":{"start":{"line":109,"column":43},"end":{"line":121,"column":1}},"line":109}},"branchMap":{"0":{"loc":{"start":{"line":34,"column":17},"end":{"line":34,"column":78}},"type":"binary-expr","locations":[{"start":{"line":34,"column":17},"end":{"line":34,"column":28}},{"start":{"line":34,"column":32},"end":{"line":34,"column":78}}],"line":34},"1":{"loc":{"start":{"line":53,"column":16},"end":{"line":53,"column":40}},"type":"binary-expr","locations":[{"start":{"line":53,"column":16},"end":{"line":53,"column":20}},{"start":{"line":53,"column":24},"end":{"line":53,"column":31}},{"start":{"line":53,"column":35},"end":{"line":53,"column":40}}],"line":53},"2":{"loc":{"start":{"line":55,"column":4},"end":{"line":77,"column":5}},"type":"switch","locations":[{"start":{"line":56,"column":6},"end":{"line":60,"column":7}},{"start":{"line":61,"column":6},"end":{"line":67,"column":7}},{"start":{"line":68,"column":6},"end":{"line":74,"column":7}},{"start":{"line":75,"column":6},"end":{"line":76,"column":14}}],"line":55},"3":{"loc":{"start":{"line":92,"column":15},"end":{"line":92,"column":54}},"type":"cond-expr","locations":[{"start":{"line":92,"column":42},"end":{"line":92,"column":47}},{"start":{"line":92,"column":50},"end":{"line":92,"column":54}}],"line":92},"4":{"loc":{"start":{"line":92,"column":15},"end":{"line":92,"column":39}},"type":"binary-expr","locations":[{"start":{"line":92,"column":15},"end":{"line":92,"column":25}},{"start":{"line":92,"column":29},"end":{"line":92,"column":39}}],"line":92}},"s":{"0":1,"1":1,"2":1,"3":1,"4":0,"5":0,"6":0,"7":0,"8":0,"9":0,"10":1,"11":0,"12":0,"13":0,"14":1,"15":0,"16":0,"17":0,"18":0,"19":0,"20":1,"21":0,"22":0,"23":0,"24":0,"25":0,"26":0,"27":0,"28":0,"29":0,"30":0,"31":0,"32":0,"33":0,"34":0,"35":0,"36":0,"37":1,"38":0,"39":0,"40":0,"41":0,"42":0,"43":0,"44":1,"45":0,"46":0,"47":0,"48":0,"49":0},"f":{"0":0,"1":0,"2":0,"3":0,"4":0,"5":0,"6":0,"7":0},"b":{"0":[0,0],"1":[0,0,0],"2":[0,0,0,0],"3":[0,0],"4":[0,0]},"_coverageSchema":"1a1c01bbd47fc00a2c39e90264f33305004495a9","hash":"cc4114e4881d3dfb832ed0ce6e0fe7f4ac67602c"}
,"/media/c0d3john/alistar1/Documents/dev/backend-challenge/src/controller/movieGenre.js": {"path":"/media/c0d3john/alistar1/Documents/dev/backend-challenge/src/controller/movieGenre.js","statementMap":{"0":{"start":{"line":1,"column":19},"end":{"line":1,"column":45}},"1":{"start":{"line":2,"column":11},"end":{"line":2,"column":31}},"2":{"start":{"line":3,"column":19},"end":{"line":3,"column":32}},"3":{"start":{"line":5,"column":0},"end":{"line":18,"column":2}},"4":{"start":{"line":6,"column":2},"end":{"line":17,"column":3}},"5":{"start":{"line":7,"column":45},"end":{"line":7,"column":59}},"6":{"start":{"line":8,"column":19},"end":{"line":12,"column":6}},"7":{"start":{"line":13,"column":4},"end":{"line":13,"column":74}},"8":{"start":{"line":15,"column":4},"end":{"line":15,"column":23}},"9":{"start":{"line":16,"column":4},"end":{"line":16,"column":61}},"10":{"start":{"line":16,"column":49},"end":{"line":16,"column":58}},"11":{"start":{"line":21,"column":0},"end":{"line":34,"column":2}},"12":{"start":{"line":22,"column":2},"end":{"line":33,"column":7}},"13":{"start":{"line":26,"column":6},"end":{"line":26,"column":21}},"14":{"start":{"line":29,"column":6},"end":{"line":32,"column":9}},"15":{"start":{"line":37,"column":0},"end":{"line":45,"column":2}},"16":{"start":{"line":38,"column":2},"end":{"line":44,"column":3}},"17":{"start":{"line":39,"column":15},"end":{"line":39,"column":28}},"18":{"start":{"line":40,"column":19},"end":{"line":40,"column":48}},"19":{"start":{"line":41,"column":4},"end":{"line":41,"column":43}},"20":{"start":{"line":43,"column":4},"end":{"line":43,"column":16}},"21":{"start":{"line":48,"column":0},"end":{"line":68,"column":2}},"22":{"start":{"line":49,"column":2},"end":{"line":67,"column":3}},"23":{"start":{"line":50,"column":15},"end":{"line":50,"column":28}},"24":{"start":{"line":51,"column":46},"end":{"line":51,"column":54}},"25":{"start":{"line":52,"column":19},"end":{"line":63,"column":5}},"26":{"start":{"line":64,"column":4},"end":{"line":64,"column":74}},"27":{"start":{"line":66,"column":4},"end":{"line":66,"column":16}},"28":{"start":{"line":71,"column":0},"end":{"line":83,"column":2}},"29":{"start":{"line":72,"column":2},"end":{"line":82,"column":3}},"30":{"start":{"line":73,"column":15},"end":{"line":73,"column":28}},"31":{"start":{"line":74,"column":19},"end":{"line":78,"column":6}},"32":{"start":{"line":79,"column":4},"end":{"line":79,"column":74}},"33":{"start":{"line":81,"column":4},"end":{"line":81,"column":16}}},"fnMap":{"0":{"name":"(anonymous_0)","decl":{"start":{"line":5,"column":17},"end":{"line":5,"column":18}},"loc":{"start":{"line":5,"column":37},"end":{"line":18,"column":1}},"line":5},"1":{"name":"(anonymous_1)","decl":{"start":{"line":16,"column":42},"end":{"line":16,"column":43}},"loc":{"start":{"line":16,"column":49},"end":{"line":16,"column":58}},"line":16},"2":{"name":"(anonymous_2)","decl":{"start":{"line":21,"column":18},"end":{"line":21,"column":19}},"loc":{"start":{"line":21,"column":32},"end":{"line":34,"column":1}},"line":21},"3":{"name":"(anonymous_3)","decl":{"start":{"line":25,"column":10},"end":{"line":25,"column":11}},"loc":{"start":{"line":25,"column":20},"end":{"line":27,"column":5}},"line":25},"4":{"name":"(anonymous_4)","decl":{"start":{"line":28,"column":11},"end":{"line":28,"column":12}},"loc":{"start":{"line":28,"column":20},"end":{"line":33,"column":5}},"line":28},"5":{"name":"(anonymous_5)","decl":{"start":{"line":37,"column":18},"end":{"line":37,"column":19}},"loc":{"start":{"line":37,"column":44},"end":{"line":45,"column":1}},"line":37},"6":{"name":"(anonymous_6)","decl":{"start":{"line":48,"column":17},"end":{"line":48,"column":18}},"loc":{"start":{"line":48,"column":43},"end":{"line":68,"column":1}},"line":48},"7":{"name":"(anonymous_7)","decl":{"start":{"line":71,"column":17},"end":{"line":71,"column":18}},"loc":{"start":{"line":71,"column":43},"end":{"line":83,"column":1}},"line":71}},"branchMap":{"0":{"loc":{"start":{"line":31,"column":10},"end":{"line":31,"column":76}},"type":"binary-expr","locations":[{"start":{"line":31,"column":10},"end":{"line":31,"column":21}},{"start":{"line":31,"column":25},"end":{"line":31,"column":76}}],"line":31}},"s":{"0":1,"1":1,"2":1,"3":1,"4":0,"5":0,"6":0,"7":0,"8":0,"9":0,"10":0,"11":1,"12":0,"13":0,"14":0,"15":1,"16":0,"17":0,"18":0,"19":0,"20":0,"21":1,"22":0,"23":0,"24":0,"25":0,"26":0,"27":0,"28":1,"29":0,"30":0,"31":0,"32":0,"33":0},"f":{"0":0,"1":0,"2":0,"3":0,"4":0,"5":0,"6":0,"7":0},"b":{"0":[0,0]},"_coverageSchema":"1a1c01bbd47fc00a2c39e90264f33305004495a9","hash":"319fc800d9caf7f3c717082cad55ddd57eb8cfc9"}
,"/media/c0d3john/alistar1/Documents/dev/backend-challenge/src/controller/user.js": {"path":"/media/c0d3john/alistar1/Documents/dev/backend-challenge/src/controller/user.js","statementMap":{"0":{"start":{"line":1,"column":19},"end":{"line":1,"column":45}},"1":{"start":{"line":2,"column":11},"end":{"line":2,"column":31}},"2":{"start":{"line":3,"column":15},"end":{"line":3,"column":32}},"3":{"start":{"line":4,"column":19},"end":{"line":4,"column":40}},"4":{"start":{"line":5,"column":12},"end":{"line":5,"column":52}},"5":{"start":{"line":6,"column":13},"end":{"line":6,"column":20}},"6":{"start":{"line":7,"column":13},"end":{"line":7,"column":34}},"7":{"start":{"line":8,"column":13},"end":{"line":8,"column":28}},"8":{"start":{"line":9,"column":0},"end":{"line":9,"column":27}},"9":{"start":{"line":11,"column":0},"end":{"line":33,"column":2}},"10":{"start":{"line":12,"column":2},"end":{"line":32,"column":3}},"11":{"start":{"line":13,"column":32},"end":{"line":13,"column":46}},"12":{"start":{"line":14,"column":15},"end":{"line":16,"column":6}},"13":{"start":{"line":18,"column":17},"end":{"line":18,"column":41}},"14":{"start":{"line":19,"column":22},"end":{"line":19,"column":43}},"15":{"start":{"line":20,"column":4},"end":{"line":22,"column":5}},"16":{"start":{"line":21,"column":6},"end":{"line":21,"column":39}},"17":{"start":{"line":23,"column":4},"end":{"line":28,"column":5}},"18":{"start":{"line":24,"column":6},"end":{"line":24,"column":35}},"19":{"start":{"line":25,"column":6},"end":{"line":25,"column":58}},"20":{"start":{"line":27,"column":6},"end":{"line":27,"column":39}},"21":{"start":{"line":30,"column":4},"end":{"line":30,"column":24}},"22":{"start":{"line":31,"column":4},"end":{"line":31,"column":39}},"23":{"start":{"line":35,"column":0},"end":{"line":49,"column":2}},"24":{"start":{"line":36,"column":2},"end":{"line":48,"column":3}},"25":{"start":{"line":37,"column":32},"end":{"line":37,"column":46}},"26":{"start":{"line":38,"column":27},"end":{"line":38,"column":56}},"27":{"start":{"line":39,"column":4},"end":{"line":43,"column":7}},"28":{"start":{"line":44,"column":4},"end":{"line":44,"column":59}},"29":{"start":{"line":46,"column":4},"end":{"line":46,"column":24}},"30":{"start":{"line":47,"column":4},"end":{"line":47,"column":39}},"31":{"start":{"line":51,"column":0},"end":{"line":54,"column":2}},"32":{"start":{"line":52,"column":2},"end":{"line":52,"column":24}},"33":{"start":{"line":53,"column":2},"end":{"line":53,"column":55}},"34":{"start":{"line":56,"column":0},"end":{"line":68,"column":2}},"35":{"start":{"line":57,"column":2},"end":{"line":67,"column":7}},"36":{"start":{"line":61,"column":6},"end":{"line":61,"column":21}},"37":{"start":{"line":64,"column":6},"end":{"line":66,"column":9}},"38":{"start":{"line":71,"column":0},"end":{"line":90,"column":2}},"39":{"start":{"line":72,"column":2},"end":{"line":89,"column":3}},"40":{"start":{"line":73,"column":15},"end":{"line":73,"column":28}},"41":{"start":{"line":74,"column":32},"end":{"line":74,"column":40}},"42":{"start":{"line":75,"column":19},"end":{"line":85,"column":5}},"43":{"start":{"line":86,"column":4},"end":{"line":86,"column":68}},"44":{"start":{"line":88,"column":4},"end":{"line":88,"column":16}},"45":{"start":{"line":93,"column":0},"end":{"line":105,"column":2}},"46":{"start":{"line":94,"column":2},"end":{"line":104,"column":3}},"47":{"start":{"line":95,"column":15},"end":{"line":95,"column":28}},"48":{"start":{"line":96,"column":19},"end":{"line":100,"column":6}},"49":{"start":{"line":101,"column":4},"end":{"line":101,"column":68}},"50":{"start":{"line":103,"column":4},"end":{"line":103,"column":16}},"51":{"start":{"line":107,"column":17},"end":{"line":107,"column":43}},"52":{"start":{"line":108,"column":21},"end":{"line":108,"column":52}},"53":{"start":{"line":109,"column":21},"end":{"line":109,"column":52}},"54":{"start":{"line":111,"column":20},"end":{"line":121,"column":2}},"55":{"start":{"line":123,"column":25},"end":{"line":129,"column":1}},"56":{"start":{"line":131,"column":21},"end":{"line":154,"column":1}},"57":{"start":{"line":133,"column":2},"end":{"line":133,"column":52}},"58":{"start":{"line":134,"column":15},"end":{"line":134,"column":31}},"59":{"start":{"line":135,"column":22},"end":{"line":144,"column":3}},"60":{"start":{"line":147,"column":2},"end":{"line":152,"column":5}},"61":{"start":{"line":148,"column":4},"end":{"line":150,"column":5}},"62":{"start":{"line":149,"column":6},"end":{"line":149,"column":32}},"63":{"start":{"line":151,"column":4},"end":{"line":151,"column":51}},"64":{"start":{"line":153,"column":2},"end":{"line":153,"column":24}}},"fnMap":{"0":{"name":"(anonymous_0)","decl":{"start":{"line":11,"column":16},"end":{"line":11,"column":17}},"loc":{"start":{"line":11,"column":42},"end":{"line":33,"column":1}},"line":11},"1":{"name":"(anonymous_1)","decl":{"start":{"line":35,"column":19},"end":{"line":35,"column":20}},"loc":{"start":{"line":35,"column":39},"end":{"line":49,"column":1}},"line":35},"2":{"name":"(anonymous_2)","decl":{"start":{"line":51,"column":17},"end":{"line":51,"column":18}},"loc":{"start":{"line":51,"column":31},"end":{"line":54,"column":1}},"line":51},"3":{"name":"(anonymous_3)","decl":{"start":{"line":56,"column":15},"end":{"line":56,"column":16}},"loc":{"start":{"line":56,"column":29},"end":{"line":68,"column":1}},"line":56},"4":{"name":"(anonymous_4)","decl":{"start":{"line":60,"column":10},"end":{"line":60,"column":11}},"loc":{"start":{"line":60,"column":20},"end":{"line":62,"column":5}},"line":60},"5":{"name":"(anonymous_5)","decl":{"start":{"line":63,"column":11},"end":{"line":63,"column":12}},"loc":{"start":{"line":63,"column":20},"end":{"line":67,"column":5}},"line":63},"6":{"name":"(anonymous_6)","decl":{"start":{"line":71,"column":17},"end":{"line":71,"column":18}},"loc":{"start":{"line":71,"column":43},"end":{"line":90,"column":1}},"line":71},"7":{"name":"(anonymous_7)","decl":{"start":{"line":93,"column":17},"end":{"line":93,"column":18}},"loc":{"start":{"line":93,"column":43},"end":{"line":105,"column":1}},"line":93},"8":{"name":"(anonymous_8)","decl":{"start":{"line":131,"column":21},"end":{"line":131,"column":22}},"loc":{"start":{"line":131,"column":36},"end":{"line":154,"column":1}},"line":131},"9":{"name":"(anonymous_9)","decl":{"start":{"line":147,"column":36},"end":{"line":147,"column":37}},"loc":{"start":{"line":147,"column":59},"end":{"line":152,"column":3}},"line":147}},"branchMap":{"0":{"loc":{"start":{"line":20,"column":4},"end":{"line":22,"column":5}},"type":"if","locations":[{"start":{"line":20,"column":4},"end":{"line":22,"column":5}},{"start":{},"end":{}}],"line":20},"1":{"loc":{"start":{"line":23,"column":4},"end":{"line":28,"column":5}},"type":"if","locations":[{"start":{"line":23,"column":4},"end":{"line":28,"column":5}},{"start":{"line":26,"column":11},"end":{"line":28,"column":5}}],"line":23},"2":{"loc":{"start":{"line":23,"column":8},"end":{"line":23,"column":72}},"type":"binary-expr","locations":[{"start":{"line":23,"column":8},"end":{"line":23,"column":38}},{"start":{"line":23,"column":42},"end":{"line":23,"column":72}}],"line":23},"3":{"loc":{"start":{"line":65,"column":17},"end":{"line":65,"column":77}},"type":"binary-expr","locations":[{"start":{"line":65,"column":17},"end":{"line":65,"column":28}},{"start":{"line":65,"column":32},"end":{"line":65,"column":77}}],"line":65},"4":{"loc":{"start":{"line":148,"column":4},"end":{"line":150,"column":5}},"type":"if","locations":[{"start":{"line":148,"column":4},"end":{"line":150,"column":5}},{"start":{},"end":{}}],"line":148}},"s":{"0":1,"1":1,"2":1,"3":1,"4":1,"5":1,"6":1,"7":1,"8":1,"9":1,"10":0,"11":0,"12":0,"13":0,"14":0,"15":0,"16":0,"17":0,"18":0,"19":0,"20":0,"21":0,"22":0,"23":1,"24":0,"25":0,"26":0,"27":0,"28":0,"29":0,"30":0,"31":1,"32":0,"33":0,"34":1,"35":0,"36":0,"37":0,"38":1,"39":0,"40":0,"41":0,"42":0,"43":0,"44":0,"45":1,"46":0,"47":0,"48":0,"49":0,"50":0,"51":1,"52":1,"53":1,"54":1,"55":1,"56":1,"57":0,"58":0,"59":0,"60":0,"61":0,"62":0,"63":0,"64":0},"f":{"0":0,"1":0,"2":0,"3":0,"4":0,"5":0,"6":0,"7":0,"8":0,"9":0},"b":{"0":[0,0],"1":[0,0],"2":[0,0],"3":[0,0],"4":[0,0]},"_coverageSchema":"1a1c01bbd47fc00a2c39e90264f33305004495a9","hash":"3301773fa3c896f0353370c05b7fad4f271c2c08"}
,"/media/c0d3john/alistar1/Documents/dev/backend-challenge/src/middlewares/auth.handler.js": {"path":"/media/c0d3john/alistar1/Documents/dev/backend-challenge/src/middlewares/auth.handler.js","statementMap":{"0":{"start":{"line":1,"column":13},"end":{"line":1,"column":34}},"1":{"start":{"line":3,"column":0},"end":{"line":13,"column":2}},"2":{"start":{"line":4,"column":2},"end":{"line":12,"column":3}},"3":{"start":{"line":5,"column":4},"end":{"line":9,"column":5}},"4":{"start":{"line":6,"column":6},"end":{"line":6,"column":20}},"5":{"start":{"line":8,"column":6},"end":{"line":8,"column":39}},"6":{"start":{"line":11,"column":4},"end":{"line":11,"column":16}}},"fnMap":{"0":{"name":"(anonymous_0)","decl":{"start":{"line":3,"column":15},"end":{"line":3,"column":16}},"loc":{"start":{"line":3,"column":35},"end":{"line":13,"column":1}},"line":3}},"branchMap":{"0":{"loc":{"start":{"line":5,"column":4},"end":{"line":9,"column":5}},"type":"if","locations":[{"start":{"line":5,"column":4},"end":{"line":9,"column":5}},{"start":{"line":7,"column":11},"end":{"line":9,"column":5}}],"line":5},"1":{"loc":{"start":{"line":5,"column":8},"end":{"line":5,"column":39}},"type":"binary-expr","locations":[{"start":{"line":5,"column":8},"end":{"line":5,"column":19}},{"start":{"line":5,"column":23},"end":{"line":5,"column":39}}],"line":5}},"s":{"0":1,"1":1,"2":0,"3":0,"4":0,"5":0,"6":0},"f":{"0":0},"b":{"0":[0,0],"1":[0,0]},"_coverageSchema":"1a1c01bbd47fc00a2c39e90264f33305004495a9","hash":"ae81981c693f215cd89b48f076bdc48772907b7c"}
,"/media/c0d3john/alistar1/Documents/dev/backend-challenge/src/middlewares/error.handler.js": {"path":"/media/c0d3john/alistar1/Documents/dev/backend-challenge/src/middlewares/error.handler.js","statementMap":{"0":{"start":{"line":1,"column":28},"end":{"line":1,"column":48}},"1":{"start":{"line":3,"column":0},"end":{"line":5,"column":2}},"2":{"start":{"line":4,"column":2},"end":{"line":4,"column":12}},"3":{"start":{"line":7,"column":0},"end":{"line":13,"column":2}},"4":{"start":{"line":8,"column":2},"end":{"line":11,"column":3}},"5":{"start":{"line":9,"column":23},"end":{"line":9,"column":26}},"6":{"start":{"line":10,"column":4},"end":{"line":10,"column":55}},"7":{"start":{"line":12,"column":2},"end":{"line":12,"column":12}},"8":{"start":{"line":15,"column":0},"end":{"line":24,"column":2}},"9":{"start":{"line":16,"column":2},"end":{"line":22,"column":3}},"10":{"start":{"line":17,"column":4},"end":{"line":21,"column":7}},"11":{"start":{"line":23,"column":2},"end":{"line":23,"column":12}}},"fnMap":{"0":{"name":"(anonymous_0)","decl":{"start":{"line":3,"column":20},"end":{"line":3,"column":21}},"loc":{"start":{"line":3,"column":45},"end":{"line":5,"column":1}},"line":3},"1":{"name":"(anonymous_1)","decl":{"start":{"line":7,"column":27},"end":{"line":7,"column":28}},"loc":{"start":{"line":7,"column":52},"end":{"line":13,"column":1}},"line":7},"2":{"name":"(anonymous_2)","decl":{"start":{"line":15,"column":26},"end":{"line":15,"column":27}},"loc":{"start":{"line":15,"column":51},"end":{"line":24,"column":1}},"line":15}},"branchMap":{"0":{"loc":{"start":{"line":8,"column":2},"end":{"line":11,"column":3}},"type":"if","locations":[{"start":{"line":8,"column":2},"end":{"line":11,"column":3}},{"start":{},"end":{}}],"line":8},"1":{"loc":{"start":{"line":16,"column":2},"end":{"line":22,"column":3}},"type":"if","locations":[{"start":{"line":16,"column":2},"end":{"line":22,"column":3}},{"start":{},"end":{}}],"line":16}},"s":{"0":1,"1":1,"2":0,"3":1,"4":0,"5":0,"6":0,"7":0,"8":1,"9":0,"10":0,"11":0},"f":{"0":0,"1":0,"2":0},"b":{"0":[0,0],"1":[0,0]},"_coverageSchema":"1a1c01bbd47fc00a2c39e90264f33305004495a9","hash":"14e33dbe76d6b63513ce5150f269fac09e3dd42a"}
,"/media/c0d3john/alistar1/Documents/dev/backend-challenge/src/models/character.js": {"path":"/media/c0d3john/alistar1/Documents/dev/backend-challenge/src/models/character.js","statementMap":{"0":{"start":{"line":1,"column":0},"end":{"line":28,"column":2}},"1":{"start":{"line":2,"column":2},"end":{"line":27,"column":4}}},"fnMap":{"0":{"name":"(anonymous_0)","decl":{"start":{"line":1,"column":17},"end":{"line":1,"column":18}},"loc":{"start":{"line":1,"column":43},"end":{"line":28,"column":1}},"line":1}},"branchMap":{},"s":{"0":1,"1":1},"f":{"0":1},"b":{},"_coverageSchema":"1a1c01bbd47fc00a2c39e90264f33305004495a9","hash":"62b2a3128a9654cf1ebb87eddc83359ec3722fa8"}
,"/media/c0d3john/alistar1/Documents/dev/backend-challenge/src/models/index.js": {"path":"/media/c0d3john/alistar1/Documents/dev/backend-challenge/src/models/index.js","statementMap":{"0":{"start":{"line":1,"column":21},"end":{"line":1,"column":47}},"1":{"start":{"line":2,"column":17},"end":{"line":2,"column":50}},"2":{"start":{"line":3,"column":18},"end":{"line":3,"column":38}},"3":{"start":{"line":5,"column":18},"end":{"line":21,"column":1}},"4":{"start":{"line":23,"column":11},"end":{"line":23,"column":13}},"5":{"start":{"line":25,"column":0},"end":{"line":25,"column":25}},"6":{"start":{"line":26,"column":0},"end":{"line":26,"column":25}},"7":{"start":{"line":28,"column":0},"end":{"line":28,"column":63}},"8":{"start":{"line":29,"column":0},"end":{"line":29,"column":55}},"9":{"start":{"line":30,"column":0},"end":{"line":30,"column":53}},"10":{"start":{"line":31,"column":0},"end":{"line":31,"column":65}},"11":{"start":{"line":33,"column":0},"end":{"line":36,"column":3}},"12":{"start":{"line":37,"column":0},"end":{"line":40,"column":3}},"13":{"start":{"line":42,"column":0},"end":{"line":42,"column":20}}},"fnMap":{},"branchMap":{},"s":{"0":1,"1":1,"2":1,"3":1,"4":1,"5":1,"6":1,"7":1,"8":1,"9":1,"10":1,"11":1,"12":1,"13":1},"f":{},"b":{},"_coverageSchema":"1a1c01bbd47fc00a2c39e90264f33305004495a9","hash":"12a81ab4b6886becd290fcebf461011dc6e4253d"}
,"/media/c0d3john/alistar1/Documents/dev/backend-challenge/src/models/movie.js": {"path":"/media/c0d3john/alistar1/Documents/dev/backend-challenge/src/models/movie.js","statementMap":{"0":{"start":{"line":1,"column":0},"end":{"line":28,"column":2}},"1":{"start":{"line":2,"column":2},"end":{"line":27,"column":4}}},"fnMap":{"0":{"name":"(anonymous_0)","decl":{"start":{"line":1,"column":17},"end":{"line":1,"column":18}},"loc":{"start":{"line":1,"column":43},"end":{"line":28,"column":1}},"line":1}},"branchMap":{},"s":{"0":1,"1":1},"f":{"0":1},"b":{},"_coverageSchema":"1a1c01bbd47fc00a2c39e90264f33305004495a9","hash":"72ee16d001049f8e9fbd369e3e60790f20991cbe"}
,"/media/c0d3john/alistar1/Documents/dev/backend-challenge/src/models/movieGenre.js": {"path":"/media/c0d3john/alistar1/Documents/dev/backend-challenge/src/models/movieGenre.js","statementMap":{"0":{"start":{"line":1,"column":0},"end":{"line":24,"column":2}},"1":{"start":{"line":2,"column":2},"end":{"line":23,"column":4}}},"fnMap":{"0":{"name":"(anonymous_0)","decl":{"start":{"line":1,"column":17},"end":{"line":1,"column":18}},"loc":{"start":{"line":1,"column":43},"end":{"line":24,"column":1}},"line":1}},"branchMap":{},"s":{"0":1,"1":1},"f":{"0":1},"b":{},"_coverageSchema":"1a1c01bbd47fc00a2c39e90264f33305004495a9","hash":"93b32e610e86f0129426cf2dd3cb49a8b07a42e5"}
,"/media/c0d3john/alistar1/Documents/dev/backend-challenge/src/models/user.js": {"path":"/media/c0d3john/alistar1/Documents/dev/backend-challenge/src/models/user.js","statementMap":{"0":{"start":{"line":1,"column":0},"end":{"line":29,"column":2}},"1":{"start":{"line":2,"column":2},"end":{"line":28,"column":4}}},"fnMap":{"0":{"name":"(anonymous_0)","decl":{"start":{"line":1,"column":17},"end":{"line":1,"column":18}},"loc":{"start":{"line":1,"column":43},"end":{"line":29,"column":1}},"line":1}},"branchMap":{},"s":{"0":1,"1":1},"f":{"0":1},"b":{},"_coverageSchema":"1a1c01bbd47fc00a2c39e90264f33305004495a9","hash":"2ef3995489b4997f326037e08a4fab043b1a81c1"}
,"/media/c0d3john/alistar1/Documents/dev/backend-challenge/src/routes/auth.routes.js": {"path":"/media/c0d3john/alistar1/Documents/dev/backend-challenge/src/routes/auth.routes.js","statementMap":{"0":{"start":{"line":1,"column":16},"end":{"line":1,"column":34}},"1":{"start":{"line":2,"column":19},"end":{"line":2,"column":35}},"2":{"start":{"line":3,"column":23},"end":{"line":3,"column":52}},"3":{"start":{"line":5,"column":0},"end":{"line":8,"column":49}},"4":{"start":{"line":10,"column":0},"end":{"line":10,"column":28}}},"fnMap":{},"branchMap":{},"s":{"0":1,"1":1,"2":1,"3":1,"4":1},"f":{},"b":{},"_coverageSchema":"1a1c01bbd47fc00a2c39e90264f33305004495a9","hash":"2712025f1c60c6cd234080f9d0fd7e360f5052c9"}
,"/media/c0d3john/alistar1/Documents/dev/backend-challenge/src/routes/character.routes.js": {"path":"/media/c0d3john/alistar1/Documents/dev/backend-challenge/src/routes/character.routes.js","statementMap":{"0":{"start":{"line":1,"column":16},"end":{"line":1,"column":34}},"1":{"start":{"line":2,"column":24},"end":{"line":2,"column":40}},"2":{"start":{"line":3,"column":28},"end":{"line":3,"column":62}},"3":{"start":{"line":5,"column":0},"end":{"line":11,"column":57}},"4":{"start":{"line":13,"column":0},"end":{"line":13,"column":33}}},"fnMap":{},"branchMap":{},"s":{"0":1,"1":1,"2":1,"3":1,"4":1},"f":{},"b":{},"_coverageSchema":"1a1c01bbd47fc00a2c39e90264f33305004495a9","hash":"05f16ac66b96da6d8e8917cda387a2204d7546a3"}
,"/media/c0d3john/alistar1/Documents/dev/backend-challenge/src/routes/movie.routes.js": {"path":"/media/c0d3john/alistar1/Documents/dev/backend-challenge/src/routes/movie.routes.js","statementMap":{"0":{"start":{"line":1,"column":16},"end":{"line":1,"column":34}},"1":{"start":{"line":2,"column":20},"end":{"line":2,"column":36}},"2":{"start":{"line":3,"column":24},"end":{"line":3,"column":54}},"3":{"start":{"line":5,"column":0},"end":{"line":11,"column":49}},"4":{"start":{"line":13,"column":0},"end":{"line":13,"column":29}}},"fnMap":{},"branchMap":{},"s":{"0":1,"1":1,"2":1,"3":1,"4":1},"f":{},"b":{},"_coverageSchema":"1a1c01bbd47fc00a2c39e90264f33305004495a9","hash":"ac13e8a8d28dd0cedfb7a6936f3c4d1e45643720"}
,"/media/c0d3john/alistar1/Documents/dev/backend-challenge/src/routes/movieGenre.routes.js": {"path":"/media/c0d3john/alistar1/Documents/dev/backend-challenge/src/routes/movieGenre.routes.js","statementMap":{"0":{"start":{"line":1,"column":16},"end":{"line":1,"column":34}},"1":{"start":{"line":2,"column":25},"end":{"line":2,"column":41}},"2":{"start":{"line":3,"column":29},"end":{"line":3,"column":64}},"3":{"start":{"line":5,"column":0},"end":{"line":10,"column":54}},"4":{"start":{"line":12,"column":0},"end":{"line":12,"column":34}}},"fnMap":{},"branchMap":{},"s":{"0":1,"1":1,"2":1,"3":1,"4":1},"f":{},"b":{},"_coverageSchema":"1a1c01bbd47fc00a2c39e90264f33305004495a9","hash":"efda9f16937b80a5f7f4aa14d5ac1aab9d449ddb"}
,"/media/c0d3john/alistar1/Documents/dev/backend-challenge/src/routes/user.routes.js": {"path":"/media/c0d3john/alistar1/Documents/dev/backend-challenge/src/routes/user.routes.js","statementMap":{"0":{"start":{"line":1,"column":16},"end":{"line":1,"column":34}},"1":{"start":{"line":2,"column":19},"end":{"line":2,"column":35}},"2":{"start":{"line":3,"column":23},"end":{"line":3,"column":52}},"3":{"start":{"line":5,"column":0},"end":{"line":11,"column":47}},"4":{"start":{"line":13,"column":0},"end":{"line":13,"column":28}}},"fnMap":{},"branchMap":{},"s":{"0":1,"1":1,"2":1,"3":1,"4":1},"f":{},"b":{},"_coverageSchema":"1a1c01bbd47fc00a2c39e90264f33305004495a9","hash":"4be1b60faaf1fcbdd08f3ba8ac104ca45c29f8ff"}
,"/media/c0d3john/alistar1/Documents/dev/backend-challenge/src/utils/logger.js": {"path":"/media/c0d3john/alistar1/Documents/dev/backend-challenge/src/utils/logger.js","statementMap":{"0":{"start":{"line":1,"column":16},"end":{"line":1,"column":34}},"1":{"start":{"line":3,"column":0},"end":{"line":7,"column":3}}},"fnMap":{},"branchMap":{},"s":{"0":1,"1":1},"f":{},"b":{},"_coverageSchema":"1a1c01bbd47fc00a2c39e90264f33305004495a9","hash":"8ab7511b22800abffb3cd5f17a54f802fb1e9b94"}
}
